2022-03-22 21:51:22,416: POST http://localhost:61368/session {"capabilities": {"firstMatch": [{}], "alwaysMatch": {"browserName": "chrome", "pageLoadStrategy": "normal", "goog:chromeOptions": {"extensions": [], "args": []}}}, "desiredCapabilities": {"browserName": "chrome", "pageLoadStrategy": "normal", "goog:chromeOptions": {"extensions": [], "args": []}}}
2022-03-22 21:51:22,417: Starting new HTTP connection (1): localhost:61368
2022-03-22 21:51:22,951: http://localhost:61368 "POST /session HTTP/1.1" 200 788
2022-03-22 21:51:22,951: Finished Request
2022-03-22 21:51:22,951: POST http://localhost:61368/session/f3802d45b5827c2c907e18010d890ba5/url {"url": "https://docs.google.com/forms/d/e/1FAIpQLSeopV8HIRIp0BBTgAvESDsbTAcGI7n5_0ksxDXROhWU4wwRgg/viewform"}
2022-03-22 21:51:25,565: http://localhost:61368 "POST /session/f3802d45b5827c2c907e18010d890ba5/url HTTP/1.1" 200 14
2022-03-22 21:51:25,565: Finished Request
2022-03-22 21:51:27,568: POST http://localhost:61368/session/f3802d45b5827c2c907e18010d890ba5/element {"using": "xpath", "value": "/html/body/div/div[2]/form/div[2]/div/div[2]/div[2]/div/div/div[2]/div/div[1]/div/div[1]/input"}
2022-03-22 21:51:27,582: http://localhost:61368 "POST /session/f3802d45b5827c2c907e18010d890ba5/element HTTP/1.1" 200 88
2022-03-22 21:51:27,582: Finished Request
2022-03-22 21:51:27,582: POST http://localhost:61368/session/f3802d45b5827c2c907e18010d890ba5/element/773dc6d9-2cbd-4d9e-8764-08addfb32fcb/value {"text": "Wawan", "value": ["W", "a", "w", "a", "n"], "id": "773dc6d9-2cbd-4d9e-8764-08addfb32fcb"}
2022-03-22 21:51:27,657: http://localhost:61368 "POST /session/f3802d45b5827c2c907e18010d890ba5/element/773dc6d9-2cbd-4d9e-8764-08addfb32fcb/value HTTP/1.1" 200 14
2022-03-22 21:51:27,658: Finished Request
2022-03-22 21:51:27,658: POST http://localhost:61368/session/f3802d45b5827c2c907e18010d890ba5/element {"using": "xpath", "value": "/html/body/div/div[2]/form/div[2]/div/div[2]/div[1]/div/div/div[2]/div/div[1]/div/div[1]/input"}
2022-03-22 21:51:27,669: http://localhost:61368 "POST /session/f3802d45b5827c2c907e18010d890ba5/element HTTP/1.1" 200 88
2022-03-22 21:51:27,669: Finished Request
2022-03-22 21:51:27,669: POST http://localhost:61368/session/f3802d45b5827c2c907e18010d890ba5/element/c010e841-0bd4-447b-94e5-48058c510a78/value {"text": "2233.22.1121", "value": ["2", "2", "3", "3", ".", "2", "2", ".", "1", "1", "2", "1"], "id": "c010e841-0bd4-447b-94e5-48058c510a78"}
2022-03-22 21:51:27,740: http://localhost:61368 "POST /session/f3802d45b5827c2c907e18010d890ba5/element/c010e841-0bd4-447b-94e5-48058c510a78/value HTTP/1.1" 200 14
2022-03-22 21:51:27,740: Finished Request
2022-03-22 21:51:27,741: POST http://localhost:61368/session/f3802d45b5827c2c907e18010d890ba5/element {"using": "xpath", "value": "/html/body/div/div[2]/form/div[2]/div/div[2]/div[3]/div/div/div[2]/div/div[1]/div/div[1]/input"}
2022-03-22 21:51:27,752: http://localhost:61368 "POST /session/f3802d45b5827c2c907e18010d890ba5/element HTTP/1.1" 200 88
2022-03-22 21:51:27,752: Finished Request
2022-03-22 21:51:27,752: POST http://localhost:61368/session/f3802d45b5827c2c907e18010d890ba5/element/a0ac1078-9bc9-454c-8d86-796e8eb64afc/value {"text": "Computer Security", "value": ["C", "o", "m", "p", "u", "t", "e", "r", " ", "S", "e", "c", "u", "r", "i", "t", "y"], "id": "a0ac1078-9bc9-454c-8d86-796e8eb64afc"}
2022-03-22 21:51:27,833: http://localhost:61368 "POST /session/f3802d45b5827c2c907e18010d890ba5/element/a0ac1078-9bc9-454c-8d86-796e8eb64afc/value HTTP/1.1" 200 14
2022-03-22 21:51:27,833: Finished Request
2022-03-22 21:51:27,834: POST http://localhost:61368/session/f3802d45b5827c2c907e18010d890ba5/element {"using": "xpath", "value": "/html/body/div/div[2]/form/div[2]/div/div[2]/div[4]/div/div/div[2]/div/div[1]/div/div[1]/input"}
2022-03-22 21:51:27,845: http://localhost:61368 "POST /session/f3802d45b5827c2c907e18010d890ba5/element HTTP/1.1" 200 88
2022-03-22 21:51:27,845: Finished Request
2022-03-22 21:51:27,845: POST http://localhost:61368/session/f3802d45b5827c2c907e18010d890ba5/element/00a90ba3-e66a-40b8-8486-d72d338bcfbb/value {"text": "2", "value": ["2"], "id": "00a90ba3-e66a-40b8-8486-d72d338bcfbb"}
2022-03-22 21:51:27,896: http://localhost:61368 "POST /session/f3802d45b5827c2c907e18010d890ba5/element/00a90ba3-e66a-40b8-8486-d72d338bcfbb/value HTTP/1.1" 200 14
2022-03-22 21:51:27,896: Finished Request
2022-03-22 21:51:27,897: POST http://localhost:61368/session/f3802d45b5827c2c907e18010d890ba5/element {"using": "xpath", "value": "/html/body/div/div[2]/form/div[2]/div/div[2]/div[5]/div/div/div[2]/div/div/div[2]/div[1]/div/div[1]/input"}
2022-03-22 21:51:27,907: http://localhost:61368 "POST /session/f3802d45b5827c2c907e18010d890ba5/element HTTP/1.1" 200 88
2022-03-22 21:51:27,907: Finished Request
2022-03-22 21:51:27,907: POST http://localhost:61368/session/f3802d45b5827c2c907e18010d890ba5/element/5aa128ff-6ce9-48eb-a4e8-19fcf5a863d9/value {"text": "03/22/22", "value": ["0", "3", "/", "2", "2", "/", "2", "2"], "id": "5aa128ff-6ce9-48eb-a4e8-19fcf5a863d9"}
2022-03-22 21:51:27,967: http://localhost:61368 "POST /session/f3802d45b5827c2c907e18010d890ba5/element/5aa128ff-6ce9-48eb-a4e8-19fcf5a863d9/value HTTP/1.1" 200 14
2022-03-22 21:51:27,967: Finished Request
2022-03-22 21:51:27,968: POST http://localhost:61368/session/f3802d45b5827c2c907e18010d890ba5/element {"using": "xpath", "value": "/html/body/div/div[2]/form/div[2]/div/div[3]/div[1]/div[1]/div/span"}
2022-03-22 21:51:27,979: http://localhost:61368 "POST /session/f3802d45b5827c2c907e18010d890ba5/element HTTP/1.1" 200 88
2022-03-22 21:51:27,979: Finished Request
2022-03-22 21:51:27,979: POST http://localhost:61368/session/f3802d45b5827c2c907e18010d890ba5/element/6ef31f22-fe61-484e-b9f1-ed5c511d3b7f/click {"id": "6ef31f22-fe61-484e-b9f1-ed5c511d3b7f"}
2022-03-22 21:51:28,751: http://localhost:61368 "POST /session/f3802d45b5827c2c907e18010d890ba5/element/6ef31f22-fe61-484e-b9f1-ed5c511d3b7f/click HTTP/1.1" 200 14
2022-03-22 21:51:28,752: Finished Request
2022-03-22 21:51:30,761: POST http://localhost:61368/session/f3802d45b5827c2c907e18010d890ba5/element {"using": "xpath", "value": "/html/body/div[1]/div[2]/div[1]/div/div[3]"}
2022-03-22 21:51:30,773: http://localhost:61368 "POST /session/f3802d45b5827c2c907e18010d890ba5/element HTTP/1.1" 200 88
2022-03-22 21:51:30,773: Finished Request
2022-03-22 21:51:30,773: GET http://localhost:61368/session/f3802d45b5827c2c907e18010d890ba5/element/f7b5872d-9a99-4f9f-988f-cd0a54a3f04e/text {"id": "f7b5872d-9a99-4f9f-988f-cd0a54a3f04e"}
2022-03-22 21:51:30,785: http://localhost:61368 "GET /session/f3802d45b5827c2c907e18010d890ba5/element/f7b5872d-9a99-4f9f-988f-cd0a54a3f04e/text HTTP/1.1" 200 39
2022-03-22 21:51:30,785: Finished Request
2022-03-22 21:51:30,786: Data:Wawan - 2233.22.1121 - Computer Security - 2, Status: Jawaban Anda telah direkam.
2022-03-22 21:51:30,786: DELETE http://localhost:61368/session/f3802d45b5827c2c907e18010d890ba5 {}
2022-03-22 21:51:30,816: http://localhost:61368 "DELETE /session/f3802d45b5827c2c907e18010d890ba5 HTTP/1.1" 200 14
2022-03-22 21:51:30,817: Finished Request
