2022-03-24 19:32:16,997: POST http://localhost:55288/session {"capabilities": {"firstMatch": [{}], "alwaysMatch": {"browserName": "chrome", "pageLoadStrategy": "normal", "goog:chromeOptions": {"extensions": [], "args": []}}}, "desiredCapabilities": {"browserName": "chrome", "pageLoadStrategy": "normal", "goog:chromeOptions": {"extensions": [], "args": []}}}
2022-03-24 19:32:16,998: Starting new HTTP connection (1): localhost:55288
2022-03-24 19:32:17,614: http://localhost:55288 "POST /session HTTP/1.1" 200 788
2022-03-24 19:32:17,615: Finished Request
2022-03-24 19:32:17,615: POST http://localhost:55288/session/b13b2b9478991077eaf0577cd4b58341/url {"url": "https://docs.google.com/forms/d/e/1FAIpQLSeopV8HIRIp0BBTgAvESDsbTAcGI7n5_0ksxDXROhWU4wwRgg/viewform"}
2022-03-24 19:32:20,005: http://localhost:55288 "POST /session/b13b2b9478991077eaf0577cd4b58341/url HTTP/1.1" 200 14
2022-03-24 19:32:20,005: Finished Request
2022-03-24 19:32:22,016: POST http://localhost:55288/session/b13b2b9478991077eaf0577cd4b58341/element {"using": "xpath", "value": "/html/body/div/div[2]/form/div[2]/div/div[2]/div[2]/div/div/div[2]/div/div[1]/div/div[1]/input"}
2022-03-24 19:32:22,029: http://localhost:55288 "POST /session/b13b2b9478991077eaf0577cd4b58341/element HTTP/1.1" 200 88
2022-03-24 19:32:22,029: Finished Request
2022-03-24 19:32:22,029: POST http://localhost:55288/session/b13b2b9478991077eaf0577cd4b58341/element/afbaa6dd-e7ba-4264-b88b-51b056a94959/value {"text": "Aldian Kahfi", "value": ["A", "l", "d", "i", "a", "n", " ", "K", "a", "h", "f", "i"], "id": "afbaa6dd-e7ba-4264-b88b-51b056a94959"}
2022-03-24 19:32:22,112: http://localhost:55288 "POST /session/b13b2b9478991077eaf0577cd4b58341/element/afbaa6dd-e7ba-4264-b88b-51b056a94959/value HTTP/1.1" 200 14
2022-03-24 19:32:22,112: Finished Request
2022-03-24 19:32:22,112: POST http://localhost:55288/session/b13b2b9478991077eaf0577cd4b58341/element {"using": "xpath", "value": "/html/body/div/div[2]/form/div[2]/div/div[2]/div[1]/div/div/div[2]/div/div[1]/div/div[1]/input"}
2022-03-24 19:32:22,124: http://localhost:55288 "POST /session/b13b2b9478991077eaf0577cd4b58341/element HTTP/1.1" 200 88
2022-03-24 19:32:22,125: Finished Request
2022-03-24 19:32:22,125: POST http://localhost:55288/session/b13b2b9478991077eaf0577cd4b58341/element/8cc1c07e-e484-41bd-921e-eca03709595d/value {"text": "2122.02.0003", "value": ["2", "1", "2", "2", ".", "0", "2", ".", "0", "0", "0", "3"], "id": "8cc1c07e-e484-41bd-921e-eca03709595d"}
2022-03-24 19:32:22,196: http://localhost:55288 "POST /session/b13b2b9478991077eaf0577cd4b58341/element/8cc1c07e-e484-41bd-921e-eca03709595d/value HTTP/1.1" 200 14
2022-03-24 19:32:22,197: Finished Request
2022-03-24 19:32:22,197: POST http://localhost:55288/session/b13b2b9478991077eaf0577cd4b58341/element {"using": "xpath", "value": "/html/body/div/div[2]/form/div[2]/div/div[2]/div[3]/div/div/div[2]/div/div[1]/div/div[1]/input"}
2022-03-24 19:32:22,207: http://localhost:55288 "POST /session/b13b2b9478991077eaf0577cd4b58341/element HTTP/1.1" 200 88
2022-03-24 19:32:22,207: Finished Request
2022-03-24 19:32:22,207: POST http://localhost:55288/session/b13b2b9478991077eaf0577cd4b58341/element/23cd6616-6c82-4368-83f2-c0b22d7bf2bf/value {"text": "Operating Systems", "value": ["O", "p", "e", "r", "a", "t", "i", "n", "g", " ", "S", "y", "s", "t", "e", "m", "s"], "id": "23cd6616-6c82-4368-83f2-c0b22d7bf2bf"}
2022-03-24 19:32:22,290: http://localhost:55288 "POST /session/b13b2b9478991077eaf0577cd4b58341/element/23cd6616-6c82-4368-83f2-c0b22d7bf2bf/value HTTP/1.1" 200 14
2022-03-24 19:32:22,291: Finished Request
2022-03-24 19:32:22,291: POST http://localhost:55288/session/b13b2b9478991077eaf0577cd4b58341/element {"using": "xpath", "value": "/html/body/div/div[2]/form/div[2]/div/div[2]/div[4]/div/div/div[2]/div/div[1]/div/div[1]/input"}
2022-03-24 19:32:22,301: http://localhost:55288 "POST /session/b13b2b9478991077eaf0577cd4b58341/element HTTP/1.1" 200 88
2022-03-24 19:32:22,302: Finished Request
2022-03-24 19:32:22,302: POST http://localhost:55288/session/b13b2b9478991077eaf0577cd4b58341/element/02efcd1c-782f-4204-980e-3c1ef002c170/value {"text": "2", "value": ["2"], "id": "02efcd1c-782f-4204-980e-3c1ef002c170"}
2022-03-24 19:32:22,349: http://localhost:55288 "POST /session/b13b2b9478991077eaf0577cd4b58341/element/02efcd1c-782f-4204-980e-3c1ef002c170/value HTTP/1.1" 200 14
2022-03-24 19:32:22,349: Finished Request
2022-03-24 19:32:22,350: POST http://localhost:55288/session/b13b2b9478991077eaf0577cd4b58341/element {"using": "xpath", "value": "/html/body/div/div[2]/form/div[2]/div/div[2]/div[5]/div/div/div[2]/div/div/div[2]/div[1]/div/div[1]/input"}
2022-03-24 19:32:22,361: http://localhost:55288 "POST /session/b13b2b9478991077eaf0577cd4b58341/element HTTP/1.1" 200 88
2022-03-24 19:32:22,361: Finished Request
2022-03-24 19:32:22,361: POST http://localhost:55288/session/b13b2b9478991077eaf0577cd4b58341/element/f465f30c-364e-4765-9f97-10efb73ac3ae/value {"text": "03/24/22", "value": ["0", "3", "/", "2", "4", "/", "2", "2"], "id": "f465f30c-364e-4765-9f97-10efb73ac3ae"}
2022-03-24 19:32:22,415: http://localhost:55288 "POST /session/b13b2b9478991077eaf0577cd4b58341/element/f465f30c-364e-4765-9f97-10efb73ac3ae/value HTTP/1.1" 200 14
2022-03-24 19:32:22,416: Finished Request
2022-03-24 19:32:22,416: POST http://localhost:55288/session/b13b2b9478991077eaf0577cd4b58341/element {"using": "xpath", "value": "/html/body/div/div[2]/form/div[2]/div/div[3]/div[1]/div[1]/div/span"}
2022-03-24 19:32:22,427: http://localhost:55288 "POST /session/b13b2b9478991077eaf0577cd4b58341/element HTTP/1.1" 200 88
2022-03-24 19:32:22,428: Finished Request
2022-03-24 19:32:22,428: POST http://localhost:55288/session/b13b2b9478991077eaf0577cd4b58341/element/8c444f6b-1a8f-4b1a-989a-ae2e56c37e7c/click {"id": "8c444f6b-1a8f-4b1a-989a-ae2e56c37e7c"}
2022-03-24 19:32:23,185: http://localhost:55288 "POST /session/b13b2b9478991077eaf0577cd4b58341/element/8c444f6b-1a8f-4b1a-989a-ae2e56c37e7c/click HTTP/1.1" 200 14
2022-03-24 19:32:23,186: Finished Request
2022-03-24 19:32:25,201: POST http://localhost:55288/session/b13b2b9478991077eaf0577cd4b58341/element {"using": "xpath", "value": "/html/body/div[1]/div[2]/div[1]/div/div[3]"}
2022-03-24 19:32:25,212: http://localhost:55288 "POST /session/b13b2b9478991077eaf0577cd4b58341/element HTTP/1.1" 200 88
2022-03-24 19:32:25,213: Finished Request
2022-03-24 19:32:25,213: GET http://localhost:55288/session/b13b2b9478991077eaf0577cd4b58341/element/b10c92b4-454f-4db2-b0f4-afcfdb1f7c29/text {"id": "b10c92b4-454f-4db2-b0f4-afcfdb1f7c29"}
2022-03-24 19:32:25,228: http://localhost:55288 "GET /session/b13b2b9478991077eaf0577cd4b58341/element/b10c92b4-454f-4db2-b0f4-afcfdb1f7c29/text HTTP/1.1" 200 39
2022-03-24 19:32:25,228: Finished Request
2022-03-24 19:32:25,228: Data:Aldian Kahfi - 2122.02.0003 - Operating Systems - 2, Status: Jawaban Anda telah direkam.
2022-03-24 19:32:25,228: DELETE http://localhost:55288/session/b13b2b9478991077eaf0577cd4b58341 {}
2022-03-24 19:32:25,261: http://localhost:55288 "DELETE /session/b13b2b9478991077eaf0577cd4b58341 HTTP/1.1" 200 14
2022-03-24 19:32:25,261: Finished Request
2022-03-24 19:33:03,348: POST http://localhost:51651/session {"capabilities": {"firstMatch": [{}], "alwaysMatch": {"browserName": "chrome", "pageLoadStrategy": "normal", "goog:chromeOptions": {"extensions": [], "args": []}}}, "desiredCapabilities": {"browserName": "chrome", "pageLoadStrategy": "normal", "goog:chromeOptions": {"extensions": [], "args": []}}}
2022-03-24 19:33:03,349: Starting new HTTP connection (1): localhost:51651
2022-03-24 19:33:03,883: http://localhost:51651 "POST /session HTTP/1.1" 200 787
2022-03-24 19:33:03,883: Finished Request
2022-03-24 19:33:03,883: POST http://localhost:51651/session/effe530b5b0cdd93b671089701497dea/url {"url": "https://docs.google.com/forms/d/e/1FAIpQLSeopV8HIRIp0BBTgAvESDsbTAcGI7n5_0ksxDXROhWU4wwRgg/viewform"}
2022-03-24 19:33:05,853: http://localhost:51651 "POST /session/effe530b5b0cdd93b671089701497dea/url HTTP/1.1" 200 14
2022-03-24 19:33:05,853: Finished Request
2022-03-24 19:33:07,858: POST http://localhost:51651/session/effe530b5b0cdd93b671089701497dea/element {"using": "xpath", "value": "/html/body/div/div[2]/form/div[2]/div/div[2]/div[2]/div/div/div[2]/div/div[1]/div/div[1]/input"}
2022-03-24 19:33:07,871: http://localhost:51651 "POST /session/effe530b5b0cdd93b671089701497dea/element HTTP/1.1" 200 88
2022-03-24 19:33:07,872: Finished Request
2022-03-24 19:33:07,872: POST http://localhost:51651/session/effe530b5b0cdd93b671089701497dea/element/8a2664f3-545a-4af9-9c19-3c53f84b95f8/value {"text": "Aldian kahfi ", "value": ["A", "l", "d", "i", "a", "n", " ", "k", "a", "h", "f", "i", " "], "id": "8a2664f3-545a-4af9-9c19-3c53f84b95f8"}
2022-03-24 19:33:07,964: http://localhost:51651 "POST /session/effe530b5b0cdd93b671089701497dea/element/8a2664f3-545a-4af9-9c19-3c53f84b95f8/value HTTP/1.1" 200 14
2022-03-24 19:33:07,964: Finished Request
2022-03-24 19:33:07,965: POST http://localhost:51651/session/effe530b5b0cdd93b671089701497dea/element {"using": "xpath", "value": "/html/body/div/div[2]/form/div[2]/div/div[2]/div[1]/div/div/div[2]/div/div[1]/div/div[1]/input"}
2022-03-24 19:33:07,976: http://localhost:51651 "POST /session/effe530b5b0cdd93b671089701497dea/element HTTP/1.1" 200 88
2022-03-24 19:33:07,976: Finished Request
2022-03-24 19:33:07,976: POST http://localhost:51651/session/effe530b5b0cdd93b671089701497dea/element/bdb97a54-d53d-44b3-876f-63500f9532eb/value {"text": "2122.02.0003", "value": ["2", "1", "2", "2", ".", "0", "2", ".", "0", "0", "0", "3"], "id": "bdb97a54-d53d-44b3-876f-63500f9532eb"}
2022-03-24 19:33:08,048: http://localhost:51651 "POST /session/effe530b5b0cdd93b671089701497dea/element/bdb97a54-d53d-44b3-876f-63500f9532eb/value HTTP/1.1" 200 14
2022-03-24 19:33:08,048: Finished Request
2022-03-24 19:33:08,049: POST http://localhost:51651/session/effe530b5b0cdd93b671089701497dea/element {"using": "xpath", "value": "/html/body/div/div[2]/form/div[2]/div/div[2]/div[3]/div/div/div[2]/div/div[1]/div/div[1]/input"}
2022-03-24 19:33:08,060: http://localhost:51651 "POST /session/effe530b5b0cdd93b671089701497dea/element HTTP/1.1" 200 88
2022-03-24 19:33:08,060: Finished Request
2022-03-24 19:33:08,060: POST http://localhost:51651/session/effe530b5b0cdd93b671089701497dea/element/637ad204-2185-4548-80a3-7c65d408fc8e/value {"text": "Manajemen & Strategi Bisnis", "value": ["M", "a", "n", "a", "j", "e", "m", "e", "n", " ", "&", " ", "S", "t", "r", "a", "t", "e", "g", "i", " ", "B", "i", "s", "n", "i", "s"], "id": "637ad204-2185-4548-80a3-7c65d408fc8e"}
2022-03-24 19:33:08,169: http://localhost:51651 "POST /session/effe530b5b0cdd93b671089701497dea/element/637ad204-2185-4548-80a3-7c65d408fc8e/value HTTP/1.1" 200 14
2022-03-24 19:33:08,169: Finished Request
2022-03-24 19:33:08,170: POST http://localhost:51651/session/effe530b5b0cdd93b671089701497dea/element {"using": "xpath", "value": "/html/body/div/div[2]/form/div[2]/div/div[2]/div[4]/div/div/div[2]/div/div[1]/div/div[1]/input"}
2022-03-24 19:33:08,183: http://localhost:51651 "POST /session/effe530b5b0cdd93b671089701497dea/element HTTP/1.1" 200 88
2022-03-24 19:33:08,183: Finished Request
2022-03-24 19:33:08,184: POST http://localhost:51651/session/effe530b5b0cdd93b671089701497dea/element/d392ad4a-c19f-4c55-b196-f811af21edc9/value {"text": "2", "value": ["2"], "id": "d392ad4a-c19f-4c55-b196-f811af21edc9"}
2022-03-24 19:33:08,238: http://localhost:51651 "POST /session/effe530b5b0cdd93b671089701497dea/element/d392ad4a-c19f-4c55-b196-f811af21edc9/value HTTP/1.1" 200 14
2022-03-24 19:33:08,238: Finished Request
2022-03-24 19:33:08,239: POST http://localhost:51651/session/effe530b5b0cdd93b671089701497dea/element {"using": "xpath", "value": "/html/body/div/div[2]/form/div[2]/div/div[2]/div[5]/div/div/div[2]/div/div/div[2]/div[1]/div/div[1]/input"}
2022-03-24 19:33:08,250: http://localhost:51651 "POST /session/effe530b5b0cdd93b671089701497dea/element HTTP/1.1" 200 88
2022-03-24 19:33:08,251: Finished Request
2022-03-24 19:33:08,251: POST http://localhost:51651/session/effe530b5b0cdd93b671089701497dea/element/cf52c1bd-8ff6-4912-a721-2d6a4546c48f/value {"text": "03/24/22", "value": ["0", "3", "/", "2", "4", "/", "2", "2"], "id": "cf52c1bd-8ff6-4912-a721-2d6a4546c48f"}
2022-03-24 19:33:08,310: http://localhost:51651 "POST /session/effe530b5b0cdd93b671089701497dea/element/cf52c1bd-8ff6-4912-a721-2d6a4546c48f/value HTTP/1.1" 200 14
2022-03-24 19:33:08,311: Finished Request
2022-03-24 19:33:08,311: POST http://localhost:51651/session/effe530b5b0cdd93b671089701497dea/element {"using": "xpath", "value": "/html/body/div/div[2]/form/div[2]/div/div[3]/div[1]/div[1]/div/span"}
2022-03-24 19:33:08,323: http://localhost:51651 "POST /session/effe530b5b0cdd93b671089701497dea/element HTTP/1.1" 200 88
2022-03-24 19:33:08,323: Finished Request
2022-03-24 19:33:08,323: POST http://localhost:51651/session/effe530b5b0cdd93b671089701497dea/element/f58d5848-e249-4af1-84c8-1ce7c73f0438/click {"id": "f58d5848-e249-4af1-84c8-1ce7c73f0438"}
2022-03-24 19:33:09,004: http://localhost:51651 "POST /session/effe530b5b0cdd93b671089701497dea/element/f58d5848-e249-4af1-84c8-1ce7c73f0438/click HTTP/1.1" 200 14
2022-03-24 19:33:09,005: Finished Request
2022-03-24 19:33:11,008: POST http://localhost:51651/session/effe530b5b0cdd93b671089701497dea/element {"using": "xpath", "value": "/html/body/div[1]/div[2]/div[1]/div/div[3]"}
2022-03-24 19:33:11,021: http://localhost:51651 "POST /session/effe530b5b0cdd93b671089701497dea/element HTTP/1.1" 200 88
2022-03-24 19:33:11,021: Finished Request
2022-03-24 19:33:11,021: GET http://localhost:51651/session/effe530b5b0cdd93b671089701497dea/element/fa29d287-dddc-4168-beb6-5a5145943059/text {"id": "fa29d287-dddc-4168-beb6-5a5145943059"}
2022-03-24 19:33:11,033: http://localhost:51651 "GET /session/effe530b5b0cdd93b671089701497dea/element/fa29d287-dddc-4168-beb6-5a5145943059/text HTTP/1.1" 200 39
2022-03-24 19:33:11,033: Finished Request
2022-03-24 19:33:11,033: Data:Aldian kahfi  - 2122.02.0003 - Manajemen & Strategi Bisnis - 2, Status: Jawaban Anda telah direkam.
2022-03-24 19:33:11,033: DELETE http://localhost:51651/session/effe530b5b0cdd93b671089701497dea {}
2022-03-24 19:33:11,064: http://localhost:51651 "DELETE /session/effe530b5b0cdd93b671089701497dea HTTP/1.1" 200 14
2022-03-24 19:33:11,064: Finished Request
2022-03-29 19:17:01,509: POST http://localhost:53951/session {"capabilities": {"firstMatch": [{}], "alwaysMatch": {"browserName": "chrome", "pageLoadStrategy": "normal", "goog:chromeOptions": {"extensions": [], "args": []}}}, "desiredCapabilities": {"browserName": "chrome", "pageLoadStrategy": "normal", "goog:chromeOptions": {"extensions": [], "args": []}}}
2022-03-29 19:17:01,514: Starting new HTTP connection (1): localhost:53951
2022-03-29 19:17:02,060: http://localhost:53951 "POST /session HTTP/1.1" 200 786
2022-03-29 19:17:02,060: Finished Request
2022-03-29 19:17:02,060: POST http://localhost:53951/session/c83c58ae33e3fcf803a6089803851c74/url {"url": "https://docs.google.com/forms/d/e/1FAIpQLSeopV8HIRIp0BBTgAvESDsbTAcGI7n5_0ksxDXROhWU4wwRgg/viewform"}
2022-03-29 19:17:04,855: http://localhost:53951 "POST /session/c83c58ae33e3fcf803a6089803851c74/url HTTP/1.1" 200 14
2022-03-29 19:17:04,855: Finished Request
2022-03-29 19:17:06,869: POST http://localhost:53951/session/c83c58ae33e3fcf803a6089803851c74/element {"using": "xpath", "value": "/html/body/div/div[2]/form/div[2]/div/div[2]/div[2]/div/div/div[2]/div/div[1]/div/div[1]/input"}
2022-03-29 19:17:06,881: http://localhost:53951 "POST /session/c83c58ae33e3fcf803a6089803851c74/element HTTP/1.1" 200 88
2022-03-29 19:17:06,882: Finished Request
2022-03-29 19:17:06,882: POST http://localhost:53951/session/c83c58ae33e3fcf803a6089803851c74/element/aa19fe48-c28a-4c07-a5ef-41c6aea81807/value {"text": "Aldian Kahfi\t", "value": ["A", "l", "d", "i", "a", "n", " ", "K", "a", "h", "f", "i", "\t"], "id": "aa19fe48-c28a-4c07-a5ef-41c6aea81807"}
2022-03-29 19:17:06,974: http://localhost:53951 "POST /session/c83c58ae33e3fcf803a6089803851c74/element/aa19fe48-c28a-4c07-a5ef-41c6aea81807/value HTTP/1.1" 200 14
2022-03-29 19:17:06,974: Finished Request
2022-03-29 19:17:06,974: POST http://localhost:53951/session/c83c58ae33e3fcf803a6089803851c74/element {"using": "xpath", "value": "/html/body/div/div[2]/form/div[2]/div/div[2]/div[1]/div/div/div[2]/div/div[1]/div/div[1]/input"}
2022-03-29 19:17:06,987: http://localhost:53951 "POST /session/c83c58ae33e3fcf803a6089803851c74/element HTTP/1.1" 200 88
2022-03-29 19:17:06,987: Finished Request
2022-03-29 19:17:06,988: POST http://localhost:53951/session/c83c58ae33e3fcf803a6089803851c74/element/214e9090-7314-424e-bf56-0867d36474ab/value {"text": "2122.02.0003", "value": ["2", "1", "2", "2", ".", "0", "2", ".", "0", "0", "0", "3"], "id": "214e9090-7314-424e-bf56-0867d36474ab"}
2022-03-29 19:17:07,065: http://localhost:53951 "POST /session/c83c58ae33e3fcf803a6089803851c74/element/214e9090-7314-424e-bf56-0867d36474ab/value HTTP/1.1" 200 14
2022-03-29 19:17:07,065: Finished Request
2022-03-29 19:17:07,065: POST http://localhost:53951/session/c83c58ae33e3fcf803a6089803851c74/element {"using": "xpath", "value": "/html/body/div/div[2]/form/div[2]/div/div[2]/div[3]/div/div/div[2]/div/div[1]/div/div[1]/input"}
2022-03-29 19:17:07,076: http://localhost:53951 "POST /session/c83c58ae33e3fcf803a6089803851c74/element HTTP/1.1" 200 88
2022-03-29 19:17:07,077: Finished Request
2022-03-29 19:17:07,077: POST http://localhost:53951/session/c83c58ae33e3fcf803a6089803851c74/element/7db2292b-d96e-4e0b-9be3-953a1141b403/value {"text": "Data Mining", "value": ["D", "a", "t", "a", " ", "M", "i", "n", "i", "n", "g"], "id": "7db2292b-d96e-4e0b-9be3-953a1141b403"}
2022-03-29 19:17:07,151: http://localhost:53951 "POST /session/c83c58ae33e3fcf803a6089803851c74/element/7db2292b-d96e-4e0b-9be3-953a1141b403/value HTTP/1.1" 200 14
2022-03-29 19:17:07,151: Finished Request
2022-03-29 19:17:07,152: POST http://localhost:53951/session/c83c58ae33e3fcf803a6089803851c74/element {"using": "xpath", "value": "/html/body/div/div[2]/form/div[2]/div/div[2]/div[4]/div/div/div[2]/div/div[1]/div/div[1]/input"}
2022-03-29 19:17:07,163: http://localhost:53951 "POST /session/c83c58ae33e3fcf803a6089803851c74/element HTTP/1.1" 200 88
2022-03-29 19:17:07,163: Finished Request
2022-03-29 19:17:07,163: POST http://localhost:53951/session/c83c58ae33e3fcf803a6089803851c74/element/0a20df8d-c6c0-42d9-9970-b8245e45fa53/value {"text": "3", "value": ["3"], "id": "0a20df8d-c6c0-42d9-9970-b8245e45fa53"}
2022-03-29 19:17:07,217: http://localhost:53951 "POST /session/c83c58ae33e3fcf803a6089803851c74/element/0a20df8d-c6c0-42d9-9970-b8245e45fa53/value HTTP/1.1" 200 14
2022-03-29 19:17:07,217: Finished Request
2022-03-29 19:17:07,218: POST http://localhost:53951/session/c83c58ae33e3fcf803a6089803851c74/element {"using": "xpath", "value": "/html/body/div/div[2]/form/div[2]/div/div[2]/div[5]/div/div/div[2]/div/div/div[2]/div[1]/div/div[1]/input"}
2022-03-29 19:17:07,229: http://localhost:53951 "POST /session/c83c58ae33e3fcf803a6089803851c74/element HTTP/1.1" 200 88
2022-03-29 19:17:07,229: Finished Request
2022-03-29 19:17:07,229: POST http://localhost:53951/session/c83c58ae33e3fcf803a6089803851c74/element/746987d1-34b7-43a8-b34f-be3da807a037/value {"text": "03/29/22", "value": ["0", "3", "/", "2", "9", "/", "2", "2"], "id": "746987d1-34b7-43a8-b34f-be3da807a037"}
2022-03-29 19:17:07,290: http://localhost:53951 "POST /session/c83c58ae33e3fcf803a6089803851c74/element/746987d1-34b7-43a8-b34f-be3da807a037/value HTTP/1.1" 200 14
2022-03-29 19:17:07,290: Finished Request
2022-03-29 19:17:07,291: POST http://localhost:53951/session/c83c58ae33e3fcf803a6089803851c74/element {"using": "xpath", "value": "/html/body/div/div[2]/form/div[2]/div/div[3]/div[1]/div[1]/div/span"}
2022-03-29 19:17:07,302: http://localhost:53951 "POST /session/c83c58ae33e3fcf803a6089803851c74/element HTTP/1.1" 200 88
2022-03-29 19:17:07,302: Finished Request
2022-03-29 19:17:07,302: POST http://localhost:53951/session/c83c58ae33e3fcf803a6089803851c74/element/688fd317-cc70-42b5-a46a-5ac9562fc8bb/click {"id": "688fd317-cc70-42b5-a46a-5ac9562fc8bb"}
2022-03-29 19:17:08,255: http://localhost:53951 "POST /session/c83c58ae33e3fcf803a6089803851c74/element/688fd317-cc70-42b5-a46a-5ac9562fc8bb/click HTTP/1.1" 200 14
2022-03-29 19:17:08,255: Finished Request
2022-03-29 19:17:10,256: POST http://localhost:53951/session/c83c58ae33e3fcf803a6089803851c74/element {"using": "xpath", "value": "/html/body/div[1]/div[2]/div[1]/div/div[3]"}
2022-03-29 19:17:10,272: http://localhost:53951 "POST /session/c83c58ae33e3fcf803a6089803851c74/element HTTP/1.1" 200 88
2022-03-29 19:17:10,272: Finished Request
2022-03-29 19:17:10,272: GET http://localhost:53951/session/c83c58ae33e3fcf803a6089803851c74/element/00f0f15b-abc5-45c5-b083-899be47c5eed/text {"id": "00f0f15b-abc5-45c5-b083-899be47c5eed"}
2022-03-29 19:17:10,283: http://localhost:53951 "GET /session/c83c58ae33e3fcf803a6089803851c74/element/00f0f15b-abc5-45c5-b083-899be47c5eed/text HTTP/1.1" 200 39
2022-03-29 19:17:10,284: Finished Request
2022-03-29 19:17:10,284: Data:Aldian Kahfi	 - 2122.02.0003 - Data Mining - 3, Status: Jawaban Anda telah direkam.
2022-03-29 19:17:10,284: DELETE http://localhost:53951/session/c83c58ae33e3fcf803a6089803851c74 {}
2022-03-29 19:17:10,312: http://localhost:53951 "DELETE /session/c83c58ae33e3fcf803a6089803851c74 HTTP/1.1" 200 14
2022-03-29 19:17:10,312: Finished Request
2022-03-29 20:18:16,875: POST http://localhost:54826/session {"capabilities": {"firstMatch": [{}], "alwaysMatch": {"browserName": "chrome", "pageLoadStrategy": "normal", "goog:chromeOptions": {"extensions": [], "args": []}}}, "desiredCapabilities": {"browserName": "chrome", "pageLoadStrategy": "normal", "goog:chromeOptions": {"extensions": [], "args": []}}}
2022-03-29 20:18:16,875: Starting new HTTP connection (1): localhost:54826
2022-03-29 20:18:17,498: http://localhost:54826 "POST /session HTTP/1.1" 200 788
2022-03-29 20:18:17,502: Finished Request
2022-03-29 20:18:17,502: POST http://localhost:54826/session/aede2fad2931d70e87cc7283f63218b2/url {"url": "https://docs.google.com/forms/d/e/1FAIpQLSeopV8HIRIp0BBTgAvESDsbTAcGI7n5_0ksxDXROhWU4wwRgg/viewform"}
2022-03-29 20:18:20,649: http://localhost:54826 "POST /session/aede2fad2931d70e87cc7283f63218b2/url HTTP/1.1" 200 14
2022-03-29 20:18:20,649: Finished Request
2022-03-29 20:18:22,655: POST http://localhost:54826/session/aede2fad2931d70e87cc7283f63218b2/element {"using": "xpath", "value": "/html/body/div/div[2]/form/div[2]/div/div[2]/div[2]/div/div/div[2]/div/div[1]/div/div[1]/input"}
2022-03-29 20:18:22,671: http://localhost:54826 "POST /session/aede2fad2931d70e87cc7283f63218b2/element HTTP/1.1" 200 88
2022-03-29 20:18:22,671: Finished Request
2022-03-29 20:18:22,671: POST http://localhost:54826/session/aede2fad2931d70e87cc7283f63218b2/element/ec69b633-583d-497e-bcf9-2cb09135cc5b/value {"text": "Aldian Kahfi", "value": ["A", "l", "d", "i", "a", "n", " ", "K", "a", "h", "f", "i"], "id": "ec69b633-583d-497e-bcf9-2cb09135cc5b"}
2022-03-29 20:18:22,801: http://localhost:54826 "POST /session/aede2fad2931d70e87cc7283f63218b2/element/ec69b633-583d-497e-bcf9-2cb09135cc5b/value HTTP/1.1" 200 14
2022-03-29 20:18:22,801: Finished Request
2022-03-29 20:18:22,801: POST http://localhost:54826/session/aede2fad2931d70e87cc7283f63218b2/element {"using": "xpath", "value": "/html/body/div/div[2]/form/div[2]/div/div[2]/div[1]/div/div/div[2]/div/div[1]/div/div[1]/input"}
2022-03-29 20:18:22,817: http://localhost:54826 "POST /session/aede2fad2931d70e87cc7283f63218b2/element HTTP/1.1" 200 88
2022-03-29 20:18:22,817: Finished Request
2022-03-29 20:18:22,817: POST http://localhost:54826/session/aede2fad2931d70e87cc7283f63218b2/element/7f73ef25-72e7-4fd2-a5bc-edaf9632e5ce/value {"text": "2122.02.0003", "value": ["2", "1", "2", "2", ".", "0", "2", ".", "0", "0", "0", "3"], "id": "7f73ef25-72e7-4fd2-a5bc-edaf9632e5ce"}
2022-03-29 20:18:22,933: http://localhost:54826 "POST /session/aede2fad2931d70e87cc7283f63218b2/element/7f73ef25-72e7-4fd2-a5bc-edaf9632e5ce/value HTTP/1.1" 200 14
2022-03-29 20:18:22,933: Finished Request
2022-03-29 20:18:22,933: POST http://localhost:54826/session/aede2fad2931d70e87cc7283f63218b2/element {"using": "xpath", "value": "/html/body/div/div[2]/form/div[2]/div/div[2]/div[3]/div/div/div[2]/div/div[1]/div/div[1]/input"}
2022-03-29 20:18:22,949: http://localhost:54826 "POST /session/aede2fad2931d70e87cc7283f63218b2/element HTTP/1.1" 200 88
2022-03-29 20:18:22,949: Finished Request
2022-03-29 20:18:22,949: POST http://localhost:54826/session/aede2fad2931d70e87cc7283f63218b2/element/f72f73f2-5554-4ca3-821f-1abcd7e45155/value {"text": "Social and Professional Skills II", "value": ["S", "o", "c", "i", "a", "l", " ", "a", "n", "d", " ", "P", "r", "o", "f", "e", "s", "s", "i", "o", "n", "a", "l", " ", "S", "k", "i", "l", "l", "s", " ", "I", "I"], "id": "f72f73f2-5554-4ca3-821f-1abcd7e45155"}
2022-03-29 20:18:23,117: http://localhost:54826 "POST /session/aede2fad2931d70e87cc7283f63218b2/element/f72f73f2-5554-4ca3-821f-1abcd7e45155/value HTTP/1.1" 200 14
2022-03-29 20:18:23,117: Finished Request
2022-03-29 20:18:23,117: POST http://localhost:54826/session/aede2fad2931d70e87cc7283f63218b2/element {"using": "xpath", "value": "/html/body/div/div[2]/form/div[2]/div/div[2]/div[4]/div/div/div[2]/div/div[1]/div/div[1]/input"}
2022-03-29 20:18:23,137: http://localhost:54826 "POST /session/aede2fad2931d70e87cc7283f63218b2/element HTTP/1.1" 200 88
2022-03-29 20:18:23,137: Finished Request
2022-03-29 20:18:23,137: POST http://localhost:54826/session/aede2fad2931d70e87cc7283f63218b2/element/b9ae535d-a5c9-4188-b4da-8cbfa82b8982/value {"text": "3", "value": ["3"], "id": "b9ae535d-a5c9-4188-b4da-8cbfa82b8982"}
2022-03-29 20:18:23,214: http://localhost:54826 "POST /session/aede2fad2931d70e87cc7283f63218b2/element/b9ae535d-a5c9-4188-b4da-8cbfa82b8982/value HTTP/1.1" 200 14
2022-03-29 20:18:23,218: Finished Request
2022-03-29 20:18:23,222: POST http://localhost:54826/session/aede2fad2931d70e87cc7283f63218b2/element {"using": "xpath", "value": "/html/body/div/div[2]/form/div[2]/div/div[2]/div[5]/div/div/div[2]/div/div/div[2]/div[1]/div/div[1]/input"}
2022-03-29 20:18:23,317: http://localhost:54826 "POST /session/aede2fad2931d70e87cc7283f63218b2/element HTTP/1.1" 200 88
2022-03-29 20:18:23,317: Finished Request
2022-03-29 20:18:23,317: POST http://localhost:54826/session/aede2fad2931d70e87cc7283f63218b2/element/55bc72ad-a529-4db2-976f-e194e1a97866/value {"text": "03/29/22", "value": ["0", "3", "/", "2", "9", "/", "2", "2"], "id": "55bc72ad-a529-4db2-976f-e194e1a97866"}
2022-03-29 20:18:23,406: http://localhost:54826 "POST /session/aede2fad2931d70e87cc7283f63218b2/element/55bc72ad-a529-4db2-976f-e194e1a97866/value HTTP/1.1" 200 14
2022-03-29 20:18:23,406: Finished Request
2022-03-29 20:18:23,406: POST http://localhost:54826/session/aede2fad2931d70e87cc7283f63218b2/element {"using": "xpath", "value": "/html/body/div/div[2]/form/div[2]/div/div[3]/div[1]/div[1]/div/span"}
2022-03-29 20:18:23,422: http://localhost:54826 "POST /session/aede2fad2931d70e87cc7283f63218b2/element HTTP/1.1" 200 88
2022-03-29 20:18:23,422: Finished Request
2022-03-29 20:18:23,422: POST http://localhost:54826/session/aede2fad2931d70e87cc7283f63218b2/element/21b373c0-e931-41db-8d61-2b68c09f9a41/click {"id": "21b373c0-e931-41db-8d61-2b68c09f9a41"}
2022-03-29 20:18:24,565: http://localhost:54826 "POST /session/aede2fad2931d70e87cc7283f63218b2/element/21b373c0-e931-41db-8d61-2b68c09f9a41/click HTTP/1.1" 200 14
2022-03-29 20:18:24,566: Finished Request
2022-03-29 20:18:26,569: POST http://localhost:54826/session/aede2fad2931d70e87cc7283f63218b2/element {"using": "xpath", "value": "/html/body/div[1]/div[2]/div[1]/div/div[3]"}
2022-03-29 20:18:26,585: http://localhost:54826 "POST /session/aede2fad2931d70e87cc7283f63218b2/element HTTP/1.1" 200 88
2022-03-29 20:18:26,585: Finished Request
2022-03-29 20:18:26,585: GET http://localhost:54826/session/aede2fad2931d70e87cc7283f63218b2/element/c9d9bf4b-4744-4b45-b12b-ef557f85cb8d/text {"id": "c9d9bf4b-4744-4b45-b12b-ef557f85cb8d"}
2022-03-29 20:18:26,605: http://localhost:54826 "GET /session/aede2fad2931d70e87cc7283f63218b2/element/c9d9bf4b-4744-4b45-b12b-ef557f85cb8d/text HTTP/1.1" 200 39
2022-03-29 20:18:26,605: Finished Request
2022-03-29 20:18:26,605: Data:Aldian Kahfi - 2122.02.0003 - Social and Professional Skills II - 3, Status: Jawaban Anda telah direkam.
2022-03-29 20:18:26,605: DELETE http://localhost:54826/session/aede2fad2931d70e87cc7283f63218b2 {}
2022-03-29 20:18:26,675: http://localhost:54826 "DELETE /session/aede2fad2931d70e87cc7283f63218b2 HTTP/1.1" 200 14
2022-03-29 20:18:26,675: Finished Request
2022-03-31 19:19:18,977: POST http://localhost:55405/session {"capabilities": {"firstMatch": [{}], "alwaysMatch": {"browserName": "chrome", "pageLoadStrategy": "normal", "goog:chromeOptions": {"extensions": [], "args": []}}}, "desiredCapabilities": {"browserName": "chrome", "pageLoadStrategy": "normal", "goog:chromeOptions": {"extensions": [], "args": []}}}
2022-03-31 19:19:18,978: Starting new HTTP connection (1): localhost:55405
2022-03-31 19:19:19,597: http://localhost:55405 "POST /session HTTP/1.1" 200 788
2022-03-31 19:19:19,598: Finished Request
2022-03-31 19:19:19,598: POST http://localhost:55405/session/fd7d5bdcb52b5da8cd911fe1aa187648/url {"url": "https://docs.google.com/forms/d/e/1FAIpQLSeopV8HIRIp0BBTgAvESDsbTAcGI7n5_0ksxDXROhWU4wwRgg/viewform"}
2022-03-31 19:19:22,097: http://localhost:55405 "POST /session/fd7d5bdcb52b5da8cd911fe1aa187648/url HTTP/1.1" 200 14
2022-03-31 19:19:22,097: Finished Request
2022-03-31 19:19:24,102: POST http://localhost:55405/session/fd7d5bdcb52b5da8cd911fe1aa187648/element {"using": "xpath", "value": "/html/body/div/div[2]/form/div[2]/div/div[2]/div[2]/div/div/div[2]/div/div[1]/div/div[1]/input"}
2022-03-31 19:19:24,116: http://localhost:55405 "POST /session/fd7d5bdcb52b5da8cd911fe1aa187648/element HTTP/1.1" 200 88
2022-03-31 19:19:24,116: Finished Request
2022-03-31 19:19:24,116: POST http://localhost:55405/session/fd7d5bdcb52b5da8cd911fe1aa187648/element/f10417d3-8485-400d-8b87-957016ee09ee/value {"text": "Aldian Kahfi", "value": ["A", "l", "d", "i", "a", "n", " ", "K", "a", "h", "f", "i"], "id": "f10417d3-8485-400d-8b87-957016ee09ee"}
2022-03-31 19:19:24,207: http://localhost:55405 "POST /session/fd7d5bdcb52b5da8cd911fe1aa187648/element/f10417d3-8485-400d-8b87-957016ee09ee/value HTTP/1.1" 200 14
2022-03-31 19:19:24,207: Finished Request
2022-03-31 19:19:24,208: POST http://localhost:55405/session/fd7d5bdcb52b5da8cd911fe1aa187648/element {"using": "xpath", "value": "/html/body/div/div[2]/form/div[2]/div/div[2]/div[1]/div/div/div[2]/div/div[1]/div/div[1]/input"}
2022-03-31 19:19:24,219: http://localhost:55405 "POST /session/fd7d5bdcb52b5da8cd911fe1aa187648/element HTTP/1.1" 200 88
2022-03-31 19:19:24,220: Finished Request
2022-03-31 19:19:24,220: POST http://localhost:55405/session/fd7d5bdcb52b5da8cd911fe1aa187648/element/703717c2-9b45-43f1-a980-b08d91cc5dfa/value {"text": " 2122.02.0003", "value": [" ", "2", "1", "2", "2", ".", "0", "2", ".", "0", "0", "0", "3"], "id": "703717c2-9b45-43f1-a980-b08d91cc5dfa"}
2022-03-31 19:19:24,299: http://localhost:55405 "POST /session/fd7d5bdcb52b5da8cd911fe1aa187648/element/703717c2-9b45-43f1-a980-b08d91cc5dfa/value HTTP/1.1" 200 14
2022-03-31 19:19:24,299: Finished Request
2022-03-31 19:19:24,300: POST http://localhost:55405/session/fd7d5bdcb52b5da8cd911fe1aa187648/element {"using": "xpath", "value": "/html/body/div/div[2]/form/div[2]/div/div[2]/div[3]/div/div/div[2]/div/div[1]/div/div[1]/input"}
2022-03-31 19:19:24,311: http://localhost:55405 "POST /session/fd7d5bdcb52b5da8cd911fe1aa187648/element HTTP/1.1" 200 88
2022-03-31 19:19:24,312: Finished Request
2022-03-31 19:19:24,312: POST http://localhost:55405/session/fd7d5bdcb52b5da8cd911fe1aa187648/element/fe02d50b-0746-4f05-b96f-0ce8bb895fe1/value {"text": "Operating Systems", "value": ["O", "p", "e", "r", "a", "t", "i", "n", "g", " ", "S", "y", "s", "t", "e", "m", "s"], "id": "fe02d50b-0746-4f05-b96f-0ce8bb895fe1"}
2022-03-31 19:19:24,400: http://localhost:55405 "POST /session/fd7d5bdcb52b5da8cd911fe1aa187648/element/fe02d50b-0746-4f05-b96f-0ce8bb895fe1/value HTTP/1.1" 200 14
2022-03-31 19:19:24,401: Finished Request
2022-03-31 19:19:24,401: POST http://localhost:55405/session/fd7d5bdcb52b5da8cd911fe1aa187648/element {"using": "xpath", "value": "/html/body/div/div[2]/form/div[2]/div/div[2]/div[4]/div/div/div[2]/div/div[1]/div/div[1]/input"}
2022-03-31 19:19:24,413: http://localhost:55405 "POST /session/fd7d5bdcb52b5da8cd911fe1aa187648/element HTTP/1.1" 200 88
2022-03-31 19:19:24,414: Finished Request
2022-03-31 19:19:24,414: POST http://localhost:55405/session/fd7d5bdcb52b5da8cd911fe1aa187648/element/a14750ca-ae18-4ae1-ad6b-876ccd461793/value {"text": "3", "value": ["3"], "id": "a14750ca-ae18-4ae1-ad6b-876ccd461793"}
2022-03-31 19:19:24,469: http://localhost:55405 "POST /session/fd7d5bdcb52b5da8cd911fe1aa187648/element/a14750ca-ae18-4ae1-ad6b-876ccd461793/value HTTP/1.1" 200 14
2022-03-31 19:19:24,469: Finished Request
2022-03-31 19:19:24,470: POST http://localhost:55405/session/fd7d5bdcb52b5da8cd911fe1aa187648/element {"using": "xpath", "value": "/html/body/div/div[2]/form/div[2]/div/div[2]/div[5]/div/div/div[2]/div/div/div[2]/div[1]/div/div[1]/input"}
2022-03-31 19:19:24,482: http://localhost:55405 "POST /session/fd7d5bdcb52b5da8cd911fe1aa187648/element HTTP/1.1" 200 88
2022-03-31 19:19:24,482: Finished Request
2022-03-31 19:19:24,482: POST http://localhost:55405/session/fd7d5bdcb52b5da8cd911fe1aa187648/element/7042ef93-2c80-4322-baa3-0a91d039fa1e/value {"text": "03/31/22", "value": ["0", "3", "/", "3", "1", "/", "2", "2"], "id": "7042ef93-2c80-4322-baa3-0a91d039fa1e"}
2022-03-31 19:19:24,544: http://localhost:55405 "POST /session/fd7d5bdcb52b5da8cd911fe1aa187648/element/7042ef93-2c80-4322-baa3-0a91d039fa1e/value HTTP/1.1" 200 14
2022-03-31 19:19:24,544: Finished Request
2022-03-31 19:19:24,545: POST http://localhost:55405/session/fd7d5bdcb52b5da8cd911fe1aa187648/element {"using": "xpath", "value": "/html/body/div/div[2]/form/div[2]/div/div[3]/div[1]/div[1]/div/span"}
2022-03-31 19:19:24,557: http://localhost:55405 "POST /session/fd7d5bdcb52b5da8cd911fe1aa187648/element HTTP/1.1" 200 88
2022-03-31 19:19:24,558: Finished Request
2022-03-31 19:19:24,558: POST http://localhost:55405/session/fd7d5bdcb52b5da8cd911fe1aa187648/element/8bc08abf-9c64-4456-a502-faa9d800b7c4/click {"id": "8bc08abf-9c64-4456-a502-faa9d800b7c4"}
2022-03-31 19:19:25,538: http://localhost:55405 "POST /session/fd7d5bdcb52b5da8cd911fe1aa187648/element/8bc08abf-9c64-4456-a502-faa9d800b7c4/click HTTP/1.1" 200 14
2022-03-31 19:19:25,539: Finished Request
2022-03-31 19:19:27,546: POST http://localhost:55405/session/fd7d5bdcb52b5da8cd911fe1aa187648/element {"using": "xpath", "value": "/html/body/div[1]/div[2]/div[1]/div/div[3]"}
2022-03-31 19:19:27,560: http://localhost:55405 "POST /session/fd7d5bdcb52b5da8cd911fe1aa187648/element HTTP/1.1" 200 88
2022-03-31 19:19:27,560: Finished Request
2022-03-31 19:19:27,560: GET http://localhost:55405/session/fd7d5bdcb52b5da8cd911fe1aa187648/element/e4c5f292-353b-433c-a467-a6d2b5d958d7/text {"id": "e4c5f292-353b-433c-a467-a6d2b5d958d7"}
2022-03-31 19:19:27,574: http://localhost:55405 "GET /session/fd7d5bdcb52b5da8cd911fe1aa187648/element/e4c5f292-353b-433c-a467-a6d2b5d958d7/text HTTP/1.1" 200 39
2022-03-31 19:19:27,574: Finished Request
2022-03-31 19:19:27,574: Data:Aldian Kahfi -  2122.02.0003 - Operating Systems - 3, Status: Jawaban Anda telah direkam.
2022-03-31 19:19:27,574: DELETE http://localhost:55405/session/fd7d5bdcb52b5da8cd911fe1aa187648 {}
2022-03-31 19:19:27,603: http://localhost:55405 "DELETE /session/fd7d5bdcb52b5da8cd911fe1aa187648 HTTP/1.1" 200 14
2022-03-31 19:19:27,604: Finished Request
